2024-09-03T07:33:44.757+01:00  INFO 24868 --- [MonnifyAPIClone] [restartedMain] c.a.m.MonnifyApiCloneApplication         : Starting MonnifyApiCloneApplication using Java 17.0.9 with PID 24868 (C:\Users\Ayo\Projects\monnify_api_clone\target\classes started by Ayo in C:\Users\Ayo\Projects\monnify_api_clone)
2024-09-03T07:33:44.857+01:00  INFO 24868 --- [MonnifyAPIClone] [restartedMain] c.a.m.MonnifyApiCloneApplication         : No active profile set, falling back to 1 default profile: "default"
2024-09-03T07:33:45.237+01:00  INFO 24868 --- [MonnifyAPIClone] [restartedMain] o.s.b.devtools.restart.ChangeableUrls    : The Class-Path manifest attribute in C:\Users\Ayo\.m2\repository\io\github\cdimascio\java-dotenv\5.2.2\java-dotenv-5.2.2.jar referenced one or more files that do not exist: file:/C:/Users/Ayo/.m2/repository/io/github/cdimascio/java-dotenv/5.2.2/kotlin-stdlib-1.4.0.jar,file:/C:/Users/Ayo/.m2/repository/io/github/cdimascio/java-dotenv/5.2.2/kotlin-stdlib-common-1.4.0.jar,file:/C:/Users/Ayo/.m2/repository/io/github/cdimascio/java-dotenv/5.2.2/annotations-13.0.jar
2024-09-03T07:33:45.256+01:00  INFO 24868 --- [MonnifyAPIClone] [restartedMain] .e.DevToolsPropertyDefaultsPostProcessor : Devtools property defaults active! Set 'spring.devtools.add-properties' to 'false' to disable
2024-09-03T07:33:45.257+01:00  INFO 24868 --- [MonnifyAPIClone] [restartedMain] .e.DevToolsPropertyDefaultsPostProcessor : For additional web related logging consider setting the 'logging.level.web' property to 'DEBUG'
2024-09-03T07:33:50.267+01:00  INFO 24868 --- [MonnifyAPIClone] [restartedMain] .s.d.r.c.RepositoryConfigurationDelegate : Multiple Spring Data modules found, entering strict repository configuration mode
2024-09-03T07:33:50.290+01:00  INFO 24868 --- [MonnifyAPIClone] [restartedMain] .s.d.r.c.RepositoryConfigurationDelegate : Bootstrapping Spring Data JPA repositories in DEFAULT mode.
2024-09-03T07:33:50.989+01:00  INFO 24868 --- [MonnifyAPIClone] [restartedMain] .s.d.r.c.RepositoryConfigurationDelegate : Finished Spring Data repository scanning in 603 ms. Found 1 JPA repository interface.
2024-09-03T07:33:51.133+01:00  INFO 24868 --- [MonnifyAPIClone] [restartedMain] .s.d.r.c.RepositoryConfigurationDelegate : Multiple Spring Data modules found, entering strict repository configuration mode
2024-09-03T07:33:51.137+01:00  INFO 24868 --- [MonnifyAPIClone] [restartedMain] .s.d.r.c.RepositoryConfigurationDelegate : Bootstrapping Spring Data Redis repositories in DEFAULT mode.
2024-09-03T07:33:51.231+01:00  INFO 24868 --- [MonnifyAPIClone] [restartedMain] .RepositoryConfigurationExtensionSupport : Spring Data Redis - Could not safely identify store assignment for repository candidate interface com.ayo.monnify_api_clone.user.UserRepository; If you want this repository to be a Redis repository, consider annotating your entities with one of these annotations: org.springframework.data.redis.core.RedisHash (preferred), or consider extending one of the following types with your repository: org.springframework.data.keyvalue.repository.KeyValueRepository
2024-09-03T07:33:51.233+01:00  INFO 24868 --- [MonnifyAPIClone] [restartedMain] .s.d.r.c.RepositoryConfigurationDelegate : Finished Spring Data repository scanning in 52 ms. Found 0 Redis repository interfaces.
2024-09-03T07:33:54.670+01:00  INFO 24868 --- [MonnifyAPIClone] [restartedMain] o.s.b.w.embedded.tomcat.TomcatWebServer  : Tomcat initialized with port 8200 (http)
2024-09-03T07:33:54.859+01:00  INFO 24868 --- [MonnifyAPIClone] [restartedMain] o.apache.catalina.core.StandardService   : Starting service [Tomcat]
2024-09-03T07:33:54.860+01:00  INFO 24868 --- [MonnifyAPIClone] [restartedMain] o.apache.catalina.core.StandardEngine    : Starting Servlet engine: [Apache Tomcat/10.1.28]
2024-09-03T07:33:55.332+01:00  INFO 24868 --- [MonnifyAPIClone] [restartedMain] o.a.c.c.C.[Tomcat].[localhost].[/]       : Initializing Spring embedded WebApplicationContext
2024-09-03T07:33:55.334+01:00  INFO 24868 --- [MonnifyAPIClone] [restartedMain] w.s.c.ServletWebServerApplicationContext : Root WebApplicationContext: initialization completed in 10070 ms
2024-09-03T07:33:56.473+01:00  INFO 24868 --- [MonnifyAPIClone] [restartedMain] o.hibernate.jpa.internal.util.LogHelper  : HHH000204: Processing PersistenceUnitInfo [name: default]
2024-09-03T07:33:56.995+01:00  INFO 24868 --- [MonnifyAPIClone] [restartedMain] org.hibernate.Version                    : HHH000412: Hibernate ORM core version 6.5.2.Final
2024-09-03T07:33:57.347+01:00  INFO 24868 --- [MonnifyAPIClone] [restartedMain] o.h.c.internal.RegionFactoryInitiator    : HHH000026: Second-level cache disabled
2024-09-03T07:33:58.309+01:00  INFO 24868 --- [MonnifyAPIClone] [restartedMain] o.s.o.j.p.SpringPersistenceUnitInfo      : No LoadTimeWeaver setup: ignoring JPA class transformer
2024-09-03T07:33:58.433+01:00  INFO 24868 --- [MonnifyAPIClone] [restartedMain] com.zaxxer.hikari.HikariDataSource       : HikariPool-1 - Starting...
2024-09-03T07:33:58.971+01:00  INFO 24868 --- [MonnifyAPIClone] [restartedMain] com.zaxxer.hikari.pool.HikariPool        : HikariPool-1 - Added connection org.postgresql.jdbc.PgConnection@4807abdf
2024-09-03T07:33:58.977+01:00  INFO 24868 --- [MonnifyAPIClone] [restartedMain] com.zaxxer.hikari.HikariDataSource       : HikariPool-1 - Start completed.
2024-09-03T07:33:59.113+01:00  WARN 24868 --- [MonnifyAPIClone] [restartedMain] org.hibernate.orm.deprecation            : HHH90000025: PostgreSQLDialect does not need to be specified explicitly using 'hibernate.dialect' (remove the property setting and it will be selected by default)
2024-09-03T07:34:02.400+01:00  INFO 24868 --- [MonnifyAPIClone] [restartedMain] o.h.e.t.j.p.i.JtaPlatformInitiator       : HHH000489: No JTA platform available (set 'hibernate.transaction.jta.platform' to enable JTA platform integration)
2024-09-03T07:34:02.513+01:00  INFO 24868 --- [MonnifyAPIClone] [restartedMain] j.LocalContainerEntityManagerFactoryBean : Initialized JPA EntityManagerFactory for persistence unit 'default'
2024-09-03T07:34:03.840+01:00  WARN 24868 --- [MonnifyAPIClone] [restartedMain] JpaBaseConfiguration$JpaWebConfiguration : spring.jpa.open-in-view is enabled by default. Therefore, database queries may be performed during view rendering. Explicitly configure spring.jpa.open-in-view to disable this warning
2024-09-03T07:34:06.584+01:00  INFO 24868 --- [MonnifyAPIClone] [restartedMain] eAuthenticationProviderManagerConfigurer : Global AuthenticationManager configured with AuthenticationProvider bean with name authenticationProvider
2024-09-03T07:34:06.604+01:00  WARN 24868 --- [MonnifyAPIClone] [restartedMain] r$InitializeUserDetailsManagerConfigurer : Global AuthenticationManager configured with an AuthenticationProvider bean. UserDetailsService beans will not be used for username/password login. Consider removing the AuthenticationProvider bean. Alternatively, consider using the UserDetailsService in a manually instantiated DaoAuthenticationProvider.
2024-09-03T07:34:09.875+01:00  INFO 24868 --- [MonnifyAPIClone] [restartedMain] o.s.b.d.a.OptionalLiveReloadServer       : LiveReload server is running on port 35729
2024-09-03T07:34:10.290+01:00  INFO 24868 --- [MonnifyAPIClone] [restartedMain] o.s.b.w.embedded.tomcat.TomcatWebServer  : Tomcat started on port 8200 (http) with context path '/'
2024-09-03T07:34:10.305+01:00  INFO 24868 --- [MonnifyAPIClone] [restartedMain] o.s.a.r.c.CachingConnectionFactory       : Attempting to connect to: [localhost:5672]
2024-09-03T07:34:10.406+01:00  INFO 24868 --- [MonnifyAPIClone] [restartedMain] o.s.a.r.l.SimpleMessageListenerContainer : Broker not available; cannot force queue declarations during start: java.net.ConnectException: Connection refused: no further information
2024-09-03T07:34:10.468+01:00  INFO 24868 --- [MonnifyAPIClone] [org.springframework.amqp.rabbit.RabbitListenerEndpointContainer#0-1] o.s.a.r.c.CachingConnectionFactory       : Attempting to connect to: [localhost:5672]
2024-09-03T07:34:10.481+01:00 ERROR 24868 --- [MonnifyAPIClone] [org.springframework.amqp.rabbit.RabbitListenerEndpointContainer#0-1] o.s.a.r.l.SimpleMessageListenerContainer : Failed to check/redeclare auto-delete queue(s).

org.springframework.amqp.AmqpConnectException: java.net.ConnectException: Connection refused: no further information
	at org.springframework.amqp.rabbit.support.RabbitExceptionTranslator.convertRabbitAccessException(RabbitExceptionTranslator.java:61) ~[spring-rabbit-3.1.7.jar:3.1.7]
	at org.springframework.amqp.rabbit.connection.AbstractConnectionFactory.createBareConnection(AbstractConnectionFactory.java:622) ~[spring-rabbit-3.1.7.jar:3.1.7]
	at org.springframework.amqp.rabbit.connection.CachingConnectionFactory.createConnection(CachingConnectionFactory.java:726) ~[spring-rabbit-3.1.7.jar:3.1.7]
	at org.springframework.amqp.rabbit.connection.ConnectionFactoryUtils.createConnection(ConnectionFactoryUtils.java:257) ~[spring-rabbit-3.1.7.jar:3.1.7]
	at org.springframework.amqp.rabbit.core.RabbitTemplate.doExecute(RabbitTemplate.java:2249) ~[spring-rabbit-3.1.7.jar:3.1.7]
	at org.springframework.amqp.rabbit.core.RabbitTemplate.execute(RabbitTemplate.java:2222) ~[spring-rabbit-3.1.7.jar:3.1.7]
	at org.springframework.amqp.rabbit.core.RabbitTemplate.execute(RabbitTemplate.java:2202) ~[spring-rabbit-3.1.7.jar:3.1.7]
	at org.springframework.amqp.rabbit.core.RabbitAdmin.getQueueInfo(RabbitAdmin.java:467) ~[spring-rabbit-3.1.7.jar:3.1.7]
	at org.springframework.amqp.rabbit.core.RabbitAdmin.getQueueProperties(RabbitAdmin.java:451) ~[spring-rabbit-3.1.7.jar:3.1.7]
	at org.springframework.amqp.rabbit.listener.AbstractMessageListenerContainer.attemptDeclarations(AbstractMessageListenerContainer.java:1960) ~[spring-rabbit-3.1.7.jar:3.1.7]
	at org.springframework.amqp.rabbit.listener.AbstractMessageListenerContainer.redeclareElementsIfNecessary(AbstractMessageListenerContainer.java:1924) ~[spring-rabbit-3.1.7.jar:3.1.7]
	at org.springframework.amqp.rabbit.listener.SimpleMessageListenerContainer$AsyncMessageProcessingConsumer.initialize(SimpleMessageListenerContainer.java:1479) ~[spring-rabbit-3.1.7.jar:3.1.7]
	at org.springframework.amqp.rabbit.listener.SimpleMessageListenerContainer$AsyncMessageProcessingConsumer.run(SimpleMessageListenerContainer.java:1320) ~[spring-rabbit-3.1.7.jar:3.1.7]
	at java.base/java.lang.Thread.run(Thread.java:842) ~[na:na]
Caused by: java.net.ConnectException: Connection refused: no further information
	at java.base/sun.nio.ch.Net.pollConnect(Native Method) ~[na:na]
	at java.base/sun.nio.ch.Net.pollConnectNow(Net.java:672) ~[na:na]
	at java.base/sun.nio.ch.NioSocketImpl.timedFinishConnect(NioSocketImpl.java:547) ~[na:na]
	at java.base/sun.nio.ch.NioSocketImpl.connect(NioSocketImpl.java:602) ~[na:na]
	at java.base/java.net.SocksSocketImpl.connect(SocksSocketImpl.java:327) ~[na:na]
	at java.base/java.net.Socket.connect(Socket.java:633) ~[na:na]
	at com.rabbitmq.client.impl.SocketFrameHandlerFactory.create(SocketFrameHandlerFactory.java:61) ~[amqp-client-5.21.0.jar:5.21.0]
	at com.rabbitmq.client.ConnectionFactory.newConnection(ConnectionFactory.java:1249) ~[amqp-client-5.21.0.jar:5.21.0]
	at com.rabbitmq.client.ConnectionFactory.newConnection(ConnectionFactory.java:1198) ~[amqp-client-5.21.0.jar:5.21.0]
	at org.springframework.amqp.rabbit.connection.AbstractConnectionFactory.connectAddresses(AbstractConnectionFactory.java:668) ~[spring-rabbit-3.1.7.jar:3.1.7]
	at org.springframework.amqp.rabbit.connection.AbstractConnectionFactory.connect(AbstractConnectionFactory.java:637) ~[spring-rabbit-3.1.7.jar:3.1.7]
	at org.springframework.amqp.rabbit.connection.AbstractConnectionFactory.createBareConnection(AbstractConnectionFactory.java:584) ~[spring-rabbit-3.1.7.jar:3.1.7]
	... 12 common frames omitted

2024-09-03T07:34:10.640+01:00  INFO 24868 --- [MonnifyAPIClone] [org.springframework.amqp.rabbit.RabbitListenerEndpointContainer#0-1] o.s.a.r.c.CachingConnectionFactory       : Attempting to connect to: [localhost:5672]
2024-09-03T07:34:10.703+01:00  INFO 24868 --- [MonnifyAPIClone] [restartedMain] c.a.m.MonnifyApiCloneApplication         : Started MonnifyApiCloneApplication in 28.282 seconds (process running for 30.296)
2024-09-03T07:34:15.858+01:00  WARN 24868 --- [MonnifyAPIClone] [org.springframework.amqp.rabbit.RabbitListenerEndpointContainer#0-1] o.s.a.r.l.SimpleMessageListenerContainer : Consumer raised exception, processing can restart if the connection factory supports it. Exception summary: org.springframework.amqp.AmqpConnectException: java.net.ConnectException: Connection refused: no further information
2024-09-03T07:34:15.869+01:00  INFO 24868 --- [MonnifyAPIClone] [org.springframework.amqp.rabbit.RabbitListenerEndpointContainer#0-1] o.s.a.r.l.SimpleMessageListenerContainer : Restarting Consumer@2a17cba0: tags=[[]], channel=null, acknowledgeMode=AUTO local queue size=0
2024-09-03T07:34:15.878+01:00  INFO 24868 --- [MonnifyAPIClone] [org.springframework.amqp.rabbit.RabbitListenerEndpointContainer#0-2] o.s.a.r.c.CachingConnectionFactory       : Attempting to connect to: [localhost:5672]
2024-09-03T07:34:15.884+01:00 ERROR 24868 --- [MonnifyAPIClone] [org.springframework.amqp.rabbit.RabbitListenerEndpointContainer#0-2] o.s.a.r.l.SimpleMessageListenerContainer : Failed to check/redeclare auto-delete queue(s).
2024-09-03T07:34:15.888+01:00  INFO 24868 --- [MonnifyAPIClone] [org.springframework.amqp.rabbit.RabbitListenerEndpointContainer#0-2] o.s.a.r.c.CachingConnectionFactory       : Attempting to connect to: [localhost:5672]
2024-09-03T07:34:20.905+01:00  WARN 24868 --- [MonnifyAPIClone] [org.springframework.amqp.rabbit.RabbitListenerEndpointContainer#0-2] o.s.a.r.l.SimpleMessageListenerContainer : Consumer raised exception, processing can restart if the connection factory supports it. Exception summary: org.springframework.amqp.AmqpConnectException: java.net.ConnectException: Connection refused: no further information
2024-09-03T07:34:20.947+01:00  INFO 24868 --- [MonnifyAPIClone] [org.springframework.amqp.rabbit.RabbitListenerEndpointContainer#0-2] o.s.a.r.l.SimpleMessageListenerContainer : Restarting Consumer@6a470201: tags=[[]], channel=null, acknowledgeMode=AUTO local queue size=0
2024-09-03T07:34:21.007+01:00  INFO 24868 --- [MonnifyAPIClone] [org.springframework.amqp.rabbit.RabbitListenerEndpointContainer#0-3] o.s.a.r.c.CachingConnectionFactory       : Attempting to connect to: [localhost:5672]
2024-09-03T07:34:21.030+01:00 ERROR 24868 --- [MonnifyAPIClone] [org.springframework.amqp.rabbit.RabbitListenerEndpointContainer#0-3] o.s.a.r.l.SimpleMessageListenerContainer : Failed to check/redeclare auto-delete queue(s).
2024-09-03T07:34:21.188+01:00  INFO 24868 --- [MonnifyAPIClone] [org.springframework.amqp.rabbit.RabbitListenerEndpointContainer#0-3] o.s.a.r.c.CachingConnectionFactory       : Attempting to connect to: [localhost:5672]
2024-09-03T07:34:26.301+01:00  WARN 24868 --- [MonnifyAPIClone] [org.springframework.amqp.rabbit.RabbitListenerEndpointContainer#0-3] o.s.a.r.l.SimpleMessageListenerContainer : Consumer raised exception, processing can restart if the connection factory supports it. Exception summary: org.springframework.amqp.AmqpConnectException: java.net.ConnectException: Connection refused: no further information
2024-09-03T07:34:26.411+01:00  INFO 24868 --- [MonnifyAPIClone] [org.springframework.amqp.rabbit.RabbitListenerEndpointContainer#0-3] o.s.a.r.l.SimpleMessageListenerContainer : Restarting Consumer@fccaf3: tags=[[]], channel=null, acknowledgeMode=AUTO local queue size=0
2024-09-03T07:34:26.566+01:00  INFO 24868 --- [MonnifyAPIClone] [org.springframework.amqp.rabbit.RabbitListenerEndpointContainer#0-4] o.s.a.r.c.CachingConnectionFactory       : Attempting to connect to: [localhost:5672]
2024-09-03T07:34:26.652+01:00 ERROR 24868 --- [MonnifyAPIClone] [org.springframework.amqp.rabbit.RabbitListenerEndpointContainer#0-4] o.s.a.r.l.SimpleMessageListenerContainer : Failed to check/redeclare auto-delete queue(s).
2024-09-03T07:34:26.685+01:00  INFO 24868 --- [MonnifyAPIClone] [org.springframework.amqp.rabbit.RabbitListenerEndpointContainer#0-4] o.s.a.r.c.CachingConnectionFactory       : Attempting to connect to: [localhost:5672]
2024-09-03T07:34:31.779+01:00  WARN 24868 --- [MonnifyAPIClone] [org.springframework.amqp.rabbit.RabbitListenerEndpointContainer#0-4] o.s.a.r.l.SimpleMessageListenerContainer : Consumer raised exception, processing can restart if the connection factory supports it. Exception summary: org.springframework.amqp.AmqpConnectException: java.net.ConnectException: Connection refused: no further information
2024-09-03T07:34:31.796+01:00  INFO 24868 --- [MonnifyAPIClone] [org.springframework.amqp.rabbit.RabbitListenerEndpointContainer#0-4] o.s.a.r.l.SimpleMessageListenerContainer : Restarting Consumer@6bd898f1: tags=[[]], channel=null, acknowledgeMode=AUTO local queue size=0
2024-09-03T07:34:31.818+01:00  INFO 24868 --- [MonnifyAPIClone] [org.springframework.amqp.rabbit.RabbitListenerEndpointContainer#0-5] o.s.a.r.c.CachingConnectionFactory       : Attempting to connect to: [localhost:5672]
2024-09-03T07:34:31.838+01:00 ERROR 24868 --- [MonnifyAPIClone] [org.springframework.amqp.rabbit.RabbitListenerEndpointContainer#0-5] o.s.a.r.l.SimpleMessageListenerContainer : Failed to check/redeclare auto-delete queue(s).
2024-09-03T07:34:31.851+01:00  INFO 24868 --- [MonnifyAPIClone] [org.springframework.amqp.rabbit.RabbitListenerEndpointContainer#0-5] o.s.a.r.c.CachingConnectionFactory       : Attempting to connect to: [localhost:5672]
2024-09-03T07:34:37.169+01:00  WARN 24868 --- [MonnifyAPIClone] [org.springframework.amqp.rabbit.RabbitListenerEndpointContainer#0-5] o.s.a.r.l.SimpleMessageListenerContainer : Consumer raised exception, processing can restart if the connection factory supports it. Exception summary: org.springframework.amqp.AmqpConnectException: java.net.ConnectException: Connection refused: no further information
2024-09-03T07:34:37.213+01:00  INFO 24868 --- [MonnifyAPIClone] [org.springframework.amqp.rabbit.RabbitListenerEndpointContainer#0-5] o.s.a.r.l.SimpleMessageListenerContainer : Restarting Consumer@1971f38b: tags=[[]], channel=null, acknowledgeMode=AUTO local queue size=0
2024-09-03T07:34:37.360+01:00  INFO 24868 --- [MonnifyAPIClone] [org.springframework.amqp.rabbit.RabbitListenerEndpointContainer#0-6] o.s.a.r.c.CachingConnectionFactory       : Attempting to connect to: [localhost:5672]
2024-09-03T07:34:37.399+01:00 ERROR 24868 --- [MonnifyAPIClone] [org.springframework.amqp.rabbit.RabbitListenerEndpointContainer#0-6] o.s.a.r.l.SimpleMessageListenerContainer : Failed to check/redeclare auto-delete queue(s).
2024-09-03T07:34:37.426+01:00  INFO 24868 --- [MonnifyAPIClone] [org.springframework.amqp.rabbit.RabbitListenerEndpointContainer#0-6] o.s.a.r.c.CachingConnectionFactory       : Attempting to connect to: [localhost:5672]
2024-09-03T07:34:42.492+01:00  WARN 24868 --- [MonnifyAPIClone] [org.springframework.amqp.rabbit.RabbitListenerEndpointContainer#0-6] o.s.a.r.l.SimpleMessageListenerContainer : Consumer raised exception, processing can restart if the connection factory supports it. Exception summary: org.springframework.amqp.AmqpConnectException: java.net.ConnectException: Connection refused: no further information
2024-09-03T07:34:42.530+01:00  INFO 24868 --- [MonnifyAPIClone] [org.springframework.amqp.rabbit.RabbitListenerEndpointContainer#0-6] o.s.a.r.l.SimpleMessageListenerContainer : Restarting Consumer@327cadb4: tags=[[]], channel=null, acknowledgeMode=AUTO local queue size=0
2024-09-03T07:34:42.612+01:00  INFO 24868 --- [MonnifyAPIClone] [org.springframework.amqp.rabbit.RabbitListenerEndpointContainer#0-7] o.s.a.r.c.CachingConnectionFactory       : Attempting to connect to: [localhost:5672]
2024-09-03T07:34:42.689+01:00 ERROR 24868 --- [MonnifyAPIClone] [org.springframework.amqp.rabbit.RabbitListenerEndpointContainer#0-7] o.s.a.r.l.SimpleMessageListenerContainer : Failed to check/redeclare auto-delete queue(s).
2024-09-03T07:34:42.708+01:00  INFO 24868 --- [MonnifyAPIClone] [org.springframework.amqp.rabbit.RabbitListenerEndpointContainer#0-7] o.s.a.r.c.CachingConnectionFactory       : Attempting to connect to: [localhost:5672]
2024-09-03T07:34:47.758+01:00  WARN 24868 --- [MonnifyAPIClone] [org.springframework.amqp.rabbit.RabbitListenerEndpointContainer#0-7] o.s.a.r.l.SimpleMessageListenerContainer : Consumer raised exception, processing can restart if the connection factory supports it. Exception summary: org.springframework.amqp.AmqpConnectException: java.net.ConnectException: Connection refused: no further information
2024-09-03T07:34:47.799+01:00  INFO 24868 --- [MonnifyAPIClone] [org.springframework.amqp.rabbit.RabbitListenerEndpointContainer#0-7] o.s.a.r.l.SimpleMessageListenerContainer : Restarting Consumer@5562d093: tags=[[]], channel=null, acknowledgeMode=AUTO local queue size=0
2024-09-03T07:34:47.914+01:00  INFO 24868 --- [MonnifyAPIClone] [org.springframework.amqp.rabbit.RabbitListenerEndpointContainer#0-8] o.s.a.r.c.CachingConnectionFactory       : Attempting to connect to: [localhost:5672]
2024-09-03T07:34:47.941+01:00 ERROR 24868 --- [MonnifyAPIClone] [org.springframework.amqp.rabbit.RabbitListenerEndpointContainer#0-8] o.s.a.r.l.SimpleMessageListenerContainer : Failed to check/redeclare auto-delete queue(s).
2024-09-03T07:34:47.974+01:00  INFO 24868 --- [MonnifyAPIClone] [org.springframework.amqp.rabbit.RabbitListenerEndpointContainer#0-8] o.s.a.r.c.CachingConnectionFactory       : Attempting to connect to: [localhost:5672]
2024-09-03T07:34:53.235+01:00  WARN 24868 --- [MonnifyAPIClone] [org.springframework.amqp.rabbit.RabbitListenerEndpointContainer#0-8] o.s.a.r.l.SimpleMessageListenerContainer : Consumer raised exception, processing can restart if the connection factory supports it. Exception summary: org.springframework.amqp.AmqpConnectException: java.net.ConnectException: Connection refused: no further information
2024-09-03T07:34:53.482+01:00  INFO 24868 --- [MonnifyAPIClone] [org.springframework.amqp.rabbit.RabbitListenerEndpointContainer#0-8] o.s.a.r.l.SimpleMessageListenerContainer : Restarting Consumer@a330210: tags=[[]], channel=null, acknowledgeMode=AUTO local queue size=0
2024-09-03T07:34:53.553+01:00  INFO 24868 --- [MonnifyAPIClone] [org.springframework.amqp.rabbit.RabbitListenerEndpointContainer#0-9] o.s.a.r.c.CachingConnectionFactory       : Attempting to connect to: [localhost:5672]
2024-09-03T07:34:53.585+01:00 ERROR 24868 --- [MonnifyAPIClone] [org.springframework.amqp.rabbit.RabbitListenerEndpointContainer#0-9] o.s.a.r.l.SimpleMessageListenerContainer : Failed to check/redeclare auto-delete queue(s).
2024-09-03T07:34:53.595+01:00  INFO 24868 --- [MonnifyAPIClone] [org.springframework.amqp.rabbit.RabbitListenerEndpointContainer#0-9] o.s.a.r.c.CachingConnectionFactory       : Attempting to connect to: [localhost:5672]
2024-09-03T07:34:58.700+01:00  WARN 24868 --- [MonnifyAPIClone] [org.springframework.amqp.rabbit.RabbitListenerEndpointContainer#0-9] o.s.a.r.l.SimpleMessageListenerContainer : Consumer raised exception, processing can restart if the connection factory supports it. Exception summary: org.springframework.amqp.AmqpConnectException: java.net.ConnectException: Connection refused: no further information
2024-09-03T07:34:58.781+01:00  INFO 24868 --- [MonnifyAPIClone] [org.springframework.amqp.rabbit.RabbitListenerEndpointContainer#0-9] o.s.a.r.l.SimpleMessageListenerContainer : Restarting Consumer@be2cb0: tags=[[]], channel=null, acknowledgeMode=AUTO local queue size=0
2024-09-03T07:34:59.039+01:00  INFO 24868 --- [MonnifyAPIClone] [org.springframework.amqp.rabbit.RabbitListenerEndpointContainer#0-10] o.s.a.r.c.CachingConnectionFactory       : Attempting to connect to: [localhost:5672]
2024-09-03T07:34:59.121+01:00 ERROR 24868 --- [MonnifyAPIClone] [org.springframework.amqp.rabbit.RabbitListenerEndpointContainer#0-10] o.s.a.r.l.SimpleMessageListenerContainer : Failed to check/redeclare auto-delete queue(s).
2024-09-03T07:34:59.177+01:00  INFO 24868 --- [MonnifyAPIClone] [org.springframework.amqp.rabbit.RabbitListenerEndpointContainer#0-10] o.s.a.r.c.CachingConnectionFactory       : Attempting to connect to: [localhost:5672]
2024-09-03T07:35:04.269+01:00  WARN 24868 --- [MonnifyAPIClone] [org.springframework.amqp.rabbit.RabbitListenerEndpointContainer#0-10] o.s.a.r.l.SimpleMessageListenerContainer : Consumer raised exception, processing can restart if the connection factory supports it. Exception summary: org.springframework.amqp.AmqpConnectException: java.net.ConnectException: Connection refused: no further information
2024-09-03T07:35:04.294+01:00  INFO 24868 --- [MonnifyAPIClone] [org.springframework.amqp.rabbit.RabbitListenerEndpointContainer#0-10] o.s.a.r.l.SimpleMessageListenerContainer : Restarting Consumer@245dd7b4: tags=[[]], channel=null, acknowledgeMode=AUTO local queue size=0
2024-09-03T07:35:04.370+01:00  INFO 24868 --- [MonnifyAPIClone] [org.springframework.amqp.rabbit.RabbitListenerEndpointContainer#0-11] o.s.a.r.c.CachingConnectionFactory       : Attempting to connect to: [localhost:5672]
2024-09-03T07:35:04.392+01:00 ERROR 24868 --- [MonnifyAPIClone] [org.springframework.amqp.rabbit.RabbitListenerEndpointContainer#0-11] o.s.a.r.l.SimpleMessageListenerContainer : Failed to check/redeclare auto-delete queue(s).
2024-09-03T07:35:04.471+01:00  INFO 24868 --- [MonnifyAPIClone] [org.springframework.amqp.rabbit.RabbitListenerEndpointContainer#0-11] o.s.a.r.c.CachingConnectionFactory       : Attempting to connect to: [localhost:5672]
2024-09-03T07:35:09.576+01:00  WARN 24868 --- [MonnifyAPIClone] [org.springframework.amqp.rabbit.RabbitListenerEndpointContainer#0-11] o.s.a.r.l.SimpleMessageListenerContainer : Consumer raised exception, processing can restart if the connection factory supports it. Exception summary: org.springframework.amqp.AmqpConnectException: java.net.ConnectException: Connection refused: no further information
2024-09-03T07:35:09.586+01:00  INFO 24868 --- [MonnifyAPIClone] [org.springframework.amqp.rabbit.RabbitListenerEndpointContainer#0-11] o.s.a.r.l.SimpleMessageListenerContainer : Restarting Consumer@1eea5513: tags=[[]], channel=null, acknowledgeMode=AUTO local queue size=0
2024-09-03T07:35:09.655+01:00  INFO 24868 --- [MonnifyAPIClone] [org.springframework.amqp.rabbit.RabbitListenerEndpointContainer#0-12] o.s.a.r.c.CachingConnectionFactory       : Attempting to connect to: [localhost:5672]
2024-09-03T07:35:09.834+01:00 ERROR 24868 --- [MonnifyAPIClone] [org.springframework.amqp.rabbit.RabbitListenerEndpointContainer#0-12] o.s.a.r.l.SimpleMessageListenerContainer : Failed to check/redeclare auto-delete queue(s).
2024-09-03T07:35:09.842+01:00  INFO 24868 --- [MonnifyAPIClone] [org.springframework.amqp.rabbit.RabbitListenerEndpointContainer#0-12] o.s.a.r.c.CachingConnectionFactory       : Attempting to connect to: [localhost:5672]
2024-09-03T07:35:14.960+01:00  INFO 24868 --- [MonnifyAPIClone] [org.springframework.amqp.rabbit.RabbitListenerEndpointContainer#0-12] o.s.a.r.l.SimpleMessageListenerContainer : Restarting Consumer@2a3c7011: tags=[[]], channel=null, acknowledgeMode=AUTO local queue size=0
2024-09-03T07:35:15.102+01:00  INFO 24868 --- [MonnifyAPIClone] [org.springframework.amqp.rabbit.RabbitListenerEndpointContainer#0-13] o.s.a.r.c.CachingConnectionFactory       : Attempting to connect to: [localhost:5672]
2024-09-03T07:35:15.282+01:00 ERROR 24868 --- [MonnifyAPIClone] [org.springframework.amqp.rabbit.RabbitListenerEndpointContainer#0-13] o.s.a.r.l.SimpleMessageListenerContainer : Failed to check/redeclare auto-delete queue(s).
2024-09-03T07:35:15.294+01:00  INFO 24868 --- [MonnifyAPIClone] [org.springframework.amqp.rabbit.RabbitListenerEndpointContainer#0-13] o.s.a.r.c.CachingConnectionFactory       : Attempting to connect to: [localhost:5672]
2024-09-03T07:35:20.480+01:00  INFO 24868 --- [MonnifyAPIClone] [org.springframework.amqp.rabbit.RabbitListenerEndpointContainer#0-13] o.s.a.r.l.SimpleMessageListenerContainer : Restarting Consumer@6adc513c: tags=[[]], channel=null, acknowledgeMode=AUTO local queue size=0
2024-09-03T07:35:20.595+01:00  INFO 24868 --- [MonnifyAPIClone] [org.springframework.amqp.rabbit.RabbitListenerEndpointContainer#0-14] o.s.a.r.c.CachingConnectionFactory       : Attempting to connect to: [localhost:5672]
2024-09-03T07:35:20.848+01:00 ERROR 24868 --- [MonnifyAPIClone] [org.springframework.amqp.rabbit.RabbitListenerEndpointContainer#0-14] o.s.a.r.l.SimpleMessageListenerContainer : Failed to check/redeclare auto-delete queue(s).
2024-09-03T07:35:20.858+01:00  INFO 24868 --- [MonnifyAPIClone] [org.springframework.amqp.rabbit.RabbitListenerEndpointContainer#0-14] o.s.a.r.c.CachingConnectionFactory       : Attempting to connect to: [localhost:5672]
2024-09-03T07:35:26.101+01:00  INFO 24868 --- [MonnifyAPIClone] [org.springframework.amqp.rabbit.RabbitListenerEndpointContainer#0-14] o.s.a.r.l.SimpleMessageListenerContainer : Restarting Consumer@65f6f8d6: tags=[[]], channel=null, acknowledgeMode=AUTO local queue size=0
2024-09-03T07:35:26.865+01:00  INFO 24868 --- [MonnifyAPIClone] [org.springframework.amqp.rabbit.RabbitListenerEndpointContainer#0-15] o.s.a.r.c.CachingConnectionFactory       : Attempting to connect to: [localhost:5672]
2024-09-03T07:35:27.735+01:00 ERROR 24868 --- [MonnifyAPIClone] [org.springframework.amqp.rabbit.RabbitListenerEndpointContainer#0-15] o.s.a.r.l.SimpleMessageListenerContainer : Failed to check/redeclare auto-delete queue(s).
2024-09-03T07:35:27.873+01:00  INFO 24868 --- [MonnifyAPIClone] [org.springframework.amqp.rabbit.RabbitListenerEndpointContainer#0-15] o.s.a.r.c.CachingConnectionFactory       : Attempting to connect to: [localhost:5672]
2024-09-03T07:35:33.378+01:00  INFO 24868 --- [MonnifyAPIClone] [org.springframework.amqp.rabbit.RabbitListenerEndpointContainer#0-15] o.s.a.r.l.SimpleMessageListenerContainer : Restarting Consumer@70524974: tags=[[]], channel=null, acknowledgeMode=AUTO local queue size=0
2024-09-03T07:35:33.949+01:00  INFO 24868 --- [MonnifyAPIClone] [org.springframework.amqp.rabbit.RabbitListenerEndpointContainer#0-16] o.s.a.r.c.CachingConnectionFactory       : Attempting to connect to: [localhost:5672]
2024-09-03T07:35:34.408+01:00 ERROR 24868 --- [MonnifyAPIClone] [org.springframework.amqp.rabbit.RabbitListenerEndpointContainer#0-16] o.s.a.r.l.SimpleMessageListenerContainer : Failed to check/redeclare auto-delete queue(s).
2024-09-03T07:35:34.421+01:00  INFO 24868 --- [MonnifyAPIClone] [org.springframework.amqp.rabbit.RabbitListenerEndpointContainer#0-16] o.s.a.r.c.CachingConnectionFactory       : Attempting to connect to: [localhost:5672]
2024-09-03T07:35:39.744+01:00  INFO 24868 --- [MonnifyAPIClone] [org.springframework.amqp.rabbit.RabbitListenerEndpointContainer#0-16] o.s.a.r.l.SimpleMessageListenerContainer : Restarting Consumer@51ec1052: tags=[[]], channel=null, acknowledgeMode=AUTO local queue size=0
2024-09-03T07:35:39.746+01:00  INFO 24868 --- [MonnifyAPIClone] [org.springframework.amqp.rabbit.RabbitListenerEndpointContainer#0-17] o.s.a.r.c.CachingConnectionFactory       : Attempting to connect to: [localhost:5672]
2024-09-03T07:35:39.763+01:00 ERROR 24868 --- [MonnifyAPIClone] [org.springframework.amqp.rabbit.RabbitListenerEndpointContainer#0-17] o.s.a.r.l.SimpleMessageListenerContainer : Failed to check/redeclare auto-delete queue(s).
2024-09-03T07:35:39.765+01:00  INFO 24868 --- [MonnifyAPIClone] [org.springframework.amqp.rabbit.RabbitListenerEndpointContainer#0-17] o.s.a.r.c.CachingConnectionFactory       : Attempting to connect to: [localhost:5672]
2024-09-03T07:35:44.963+01:00  INFO 24868 --- [MonnifyAPIClone] [org.springframework.amqp.rabbit.RabbitListenerEndpointContainer#0-17] o.s.a.r.l.SimpleMessageListenerContainer : Restarting Consumer@6cc7df84: tags=[[]], channel=null, acknowledgeMode=AUTO local queue size=0
2024-09-03T07:35:44.984+01:00  INFO 24868 --- [MonnifyAPIClone] [org.springframework.amqp.rabbit.RabbitListenerEndpointContainer#0-18] o.s.a.r.c.CachingConnectionFactory       : Attempting to connect to: [localhost:5672]
2024-09-03T07:35:45.286+01:00 ERROR 24868 --- [MonnifyAPIClone] [org.springframework.amqp.rabbit.RabbitListenerEndpointContainer#0-18] o.s.a.r.l.SimpleMessageListenerContainer : Failed to check/redeclare auto-delete queue(s).
2024-09-03T07:35:45.287+01:00  INFO 24868 --- [MonnifyAPIClone] [org.springframework.amqp.rabbit.RabbitListenerEndpointContainer#0-18] o.s.a.r.c.CachingConnectionFactory       : Attempting to connect to: [localhost:5672]
2024-09-03T07:35:50.473+01:00  INFO 24868 --- [MonnifyAPIClone] [org.springframework.amqp.rabbit.RabbitListenerEndpointContainer#0-18] o.s.a.r.l.SimpleMessageListenerContainer : Restarting Consumer@46edc6f1: tags=[[]], channel=null, acknowledgeMode=AUTO local queue size=0
2024-09-03T07:35:50.567+01:00  INFO 24868 --- [MonnifyAPIClone] [org.springframework.amqp.rabbit.RabbitListenerEndpointContainer#0-19] o.s.a.r.c.CachingConnectionFactory       : Attempting to connect to: [localhost:5672]
2024-09-03T07:35:50.639+01:00 ERROR 24868 --- [MonnifyAPIClone] [org.springframework.amqp.rabbit.RabbitListenerEndpointContainer#0-19] o.s.a.r.l.SimpleMessageListenerContainer : Failed to check/redeclare auto-delete queue(s).
2024-09-03T07:35:50.640+01:00  INFO 24868 --- [MonnifyAPIClone] [org.springframework.amqp.rabbit.RabbitListenerEndpointContainer#0-19] o.s.a.r.c.CachingConnectionFactory       : Attempting to connect to: [localhost:5672]
2024-09-03T07:35:55.828+01:00  INFO 24868 --- [MonnifyAPIClone] [org.springframework.amqp.rabbit.RabbitListenerEndpointContainer#0-19] o.s.a.r.l.SimpleMessageListenerContainer : Restarting Consumer@5564ebfc: tags=[[]], channel=null, acknowledgeMode=AUTO local queue size=0
2024-09-03T07:35:55.833+01:00  INFO 24868 --- [MonnifyAPIClone] [org.springframework.amqp.rabbit.RabbitListenerEndpointContainer#0-20] o.s.a.r.c.CachingConnectionFactory       : Attempting to connect to: [localhost:5672]
2024-09-03T07:35:55.909+01:00 ERROR 24868 --- [MonnifyAPIClone] [org.springframework.amqp.rabbit.RabbitListenerEndpointContainer#0-20] o.s.a.r.l.SimpleMessageListenerContainer : Failed to check/redeclare auto-delete queue(s).
2024-09-03T07:35:55.914+01:00  INFO 24868 --- [MonnifyAPIClone] [org.springframework.amqp.rabbit.RabbitListenerEndpointContainer#0-20] o.s.a.r.c.CachingConnectionFactory       : Attempting to connect to: [localhost:5672]
2024-09-03T07:36:01.136+01:00  INFO 24868 --- [MonnifyAPIClone] [org.springframework.amqp.rabbit.RabbitListenerEndpointContainer#0-20] o.s.a.r.l.SimpleMessageListenerContainer : Restarting Consumer@371fb730: tags=[[]], channel=null, acknowledgeMode=AUTO local queue size=0
2024-09-03T07:36:01.139+01:00  INFO 24868 --- [MonnifyAPIClone] [org.springframework.amqp.rabbit.RabbitListenerEndpointContainer#0-21] o.s.a.r.c.CachingConnectionFactory       : Attempting to connect to: [localhost:5672]
2024-09-03T07:36:01.274+01:00  INFO 24868 --- [MonnifyAPIClone] [org.springframework.amqp.rabbit.RabbitListenerEndpointContainer#0-21] o.s.a.r.c.CachingConnectionFactory       : Created new connection: rabbitConnectionFactory#50cb27c5:41/SimpleConnection@35702f7c [delegate=amqp://guest@127.0.0.1:5672/, localPort=63056]
2024-09-03T07:36:01.298+01:00  INFO 24868 --- [MonnifyAPIClone] [org.springframework.amqp.rabbit.RabbitListenerEndpointContainer#0-21] o.s.amqp.rabbit.core.RabbitAdmin         : Auto-declaring a non-durable, auto-delete, or exclusive Queue (emailQueue) durable:false, auto-delete:false, exclusive:false. It will be redeclared if the broker stops and is restarted while the connection factory is alive, but all messages will be lost.
2024-09-03T07:36:50.277+01:00  INFO 24868 --- [MonnifyAPIClone] [http-nio-8200-exec-3] o.a.c.c.C.[Tomcat].[localhost].[/]       : Initializing Spring DispatcherServlet 'dispatcherServlet'
2024-09-03T07:36:50.277+01:00  INFO 24868 --- [MonnifyAPIClone] [http-nio-8200-exec-3] o.s.web.servlet.DispatcherServlet        : Initializing Servlet 'dispatcherServlet'
2024-09-03T07:36:50.290+01:00  INFO 24868 --- [MonnifyAPIClone] [http-nio-8200-exec-3] o.s.web.servlet.DispatcherServlet        : Completed initialization in 1 ms
2024-09-03T07:38:53.572+01:00  WARN 24868 --- [MonnifyAPIClone] [http-nio-8200-exec-5] .m.m.a.ExceptionHandlerExceptionResolver : Resolved [org.springframework.http.converter.HttpMessageNotReadableException: Required request body is missing: public org.springframework.http.ResponseEntity<com.ayo.monnify_api_clone.utils.ApiResponse> com.ayo.monnify_api_clone.user.UserController.getApiKeys(java.lang.String)]
2024-09-03T07:39:48.019+01:00  INFO 24868 --- [MonnifyAPIClone] [File Watcher] rtingClassPathChangeChangedEventListener : Restarting due to 1 class path change (0 additions, 0 deletions, 1 modification)
2024-09-03T07:39:48.370+01:00  INFO 24868 --- [MonnifyAPIClone] [org.springframework.amqp.rabbit.RabbitListenerEndpointContainer#0-22] o.s.a.r.l.SimpleMessageListenerContainer : Waiting for workers to finish.
2024-09-03T07:39:48.595+01:00  INFO 24868 --- [MonnifyAPIClone] [org.springframework.amqp.rabbit.RabbitListenerEndpointContainer#0-22] o.s.a.r.l.SimpleMessageListenerContainer : Successfully waited for workers to finish.
2024-09-03T07:39:56.965+01:00  INFO 24868 --- [MonnifyAPIClone] [Thread-5] j.LocalContainerEntityManagerFactoryBean : Closing JPA EntityManagerFactory for persistence unit 'default'
2024-09-03T07:39:56.978+01:00  INFO 24868 --- [MonnifyAPIClone] [Thread-5] com.zaxxer.hikari.HikariDataSource       : HikariPool-1 - Shutdown initiated...
2024-09-03T07:39:57.062+01:00  INFO 24868 --- [MonnifyAPIClone] [Thread-5] com.zaxxer.hikari.HikariDataSource       : HikariPool-1 - Shutdown completed.
2024-09-03T07:39:57.435+01:00  INFO 24868 --- [MonnifyAPIClone] [restartedMain] c.a.m.MonnifyApiCloneApplication         : Starting MonnifyApiCloneApplication using Java 17.0.9 with PID 24868 (C:\Users\Ayo\Projects\monnify_api_clone\target\classes started by Ayo in C:\Users\Ayo\Projects\monnify_api_clone)
2024-09-03T07:39:57.441+01:00  INFO 24868 --- [MonnifyAPIClone] [restartedMain] c.a.m.MonnifyApiCloneApplication         : No active profile set, falling back to 1 default profile: "default"
2024-09-03T07:39:58.616+01:00  INFO 24868 --- [MonnifyAPIClone] [restartedMain] .s.d.r.c.RepositoryConfigurationDelegate : Multiple Spring Data modules found, entering strict repository configuration mode
2024-09-03T07:39:58.644+01:00  INFO 24868 --- [MonnifyAPIClone] [restartedMain] .s.d.r.c.RepositoryConfigurationDelegate : Bootstrapping Spring Data JPA repositories in DEFAULT mode.
2024-09-03T07:39:58.696+01:00  INFO 24868 --- [MonnifyAPIClone] [restartedMain] .s.d.r.c.RepositoryConfigurationDelegate : Finished Spring Data repository scanning in 23 ms. Found 1 JPA repository interface.
2024-09-03T07:39:58.712+01:00  INFO 24868 --- [MonnifyAPIClone] [restartedMain] .s.d.r.c.RepositoryConfigurationDelegate : Multiple Spring Data modules found, entering strict repository configuration mode
2024-09-03T07:39:58.730+01:00  INFO 24868 --- [MonnifyAPIClone] [restartedMain] .s.d.r.c.RepositoryConfigurationDelegate : Bootstrapping Spring Data Redis repositories in DEFAULT mode.
2024-09-03T07:39:58.763+01:00  INFO 24868 --- [MonnifyAPIClone] [restartedMain] .RepositoryConfigurationExtensionSupport : Spring Data Redis - Could not safely identify store assignment for repository candidate interface com.ayo.monnify_api_clone.user.UserRepository; If you want this repository to be a Redis repository, consider annotating your entities with one of these annotations: org.springframework.data.redis.core.RedisHash (preferred), or consider extending one of the following types with your repository: org.springframework.data.keyvalue.repository.KeyValueRepository
2024-09-03T07:39:58.781+01:00  INFO 24868 --- [MonnifyAPIClone] [restartedMain] .s.d.r.c.RepositoryConfigurationDelegate : Finished Spring Data repository scanning in 32 ms. Found 0 Redis repository interfaces.
2024-09-03T07:39:59.206+01:00  INFO 24868 --- [MonnifyAPIClone] [restartedMain] o.s.b.w.embedded.tomcat.TomcatWebServer  : Tomcat initialized with port 8200 (http)
2024-09-03T07:39:59.206+01:00  INFO 24868 --- [MonnifyAPIClone] [restartedMain] o.apache.catalina.core.StandardService   : Starting service [Tomcat]
2024-09-03T07:39:59.206+01:00  INFO 24868 --- [MonnifyAPIClone] [restartedMain] o.apache.catalina.core.StandardEngine    : Starting Servlet engine: [Apache Tomcat/10.1.28]
2024-09-03T07:39:59.280+01:00  INFO 24868 --- [MonnifyAPIClone] [restartedMain] o.a.c.c.C.[Tomcat].[localhost].[/]       : Initializing Spring embedded WebApplicationContext
2024-09-03T07:39:59.281+01:00  INFO 24868 --- [MonnifyAPIClone] [restartedMain] w.s.c.ServletWebServerApplicationContext : Root WebApplicationContext: initialization completed in 1737 ms
2024-09-03T07:39:59.387+01:00  INFO 24868 --- [MonnifyAPIClone] [restartedMain] o.hibernate.jpa.internal.util.LogHelper  : HHH000204: Processing PersistenceUnitInfo [name: default]
2024-09-03T07:39:59.397+01:00  INFO 24868 --- [MonnifyAPIClone] [restartedMain] o.h.c.internal.RegionFactoryInitiator    : HHH000026: Second-level cache disabled
2024-09-03T07:39:59.449+01:00  INFO 24868 --- [MonnifyAPIClone] [restartedMain] o.s.o.j.p.SpringPersistenceUnitInfo      : No LoadTimeWeaver setup: ignoring JPA class transformer
2024-09-03T07:39:59.453+01:00  INFO 24868 --- [MonnifyAPIClone] [restartedMain] com.zaxxer.hikari.HikariDataSource       : HikariPool-2 - Starting...
2024-09-03T07:39:59.663+01:00  INFO 24868 --- [MonnifyAPIClone] [restartedMain] com.zaxxer.hikari.pool.HikariPool        : HikariPool-2 - Added connection org.postgresql.jdbc.PgConnection@7e82ffe2
2024-09-03T07:39:59.663+01:00  INFO 24868 --- [MonnifyAPIClone] [restartedMain] com.zaxxer.hikari.HikariDataSource       : HikariPool-2 - Start completed.
2024-09-03T07:39:59.679+01:00  WARN 24868 --- [MonnifyAPIClone] [restartedMain] org.hibernate.orm.deprecation            : HHH90000025: PostgreSQLDialect does not need to be specified explicitly using 'hibernate.dialect' (remove the property setting and it will be selected by default)
2024-09-03T07:40:00.093+01:00  INFO 24868 --- [MonnifyAPIClone] [restartedMain] o.h.e.t.j.p.i.JtaPlatformInitiator       : HHH000489: No JTA platform available (set 'hibernate.transaction.jta.platform' to enable JTA platform integration)
2024-09-03T07:40:00.170+01:00  INFO 24868 --- [MonnifyAPIClone] [restartedMain] j.LocalContainerEntityManagerFactoryBean : Initialized JPA EntityManagerFactory for persistence unit 'default'
2024-09-03T07:40:00.370+01:00  WARN 24868 --- [MonnifyAPIClone] [restartedMain] JpaBaseConfiguration$JpaWebConfiguration : spring.jpa.open-in-view is enabled by default. Therefore, database queries may be performed during view rendering. Explicitly configure spring.jpa.open-in-view to disable this warning
2024-09-03T07:40:00.824+01:00  INFO 24868 --- [MonnifyAPIClone] [restartedMain] eAuthenticationProviderManagerConfigurer : Global AuthenticationManager configured with AuthenticationProvider bean with name authenticationProvider
2024-09-03T07:40:00.914+01:00  WARN 24868 --- [MonnifyAPIClone] [restartedMain] r$InitializeUserDetailsManagerConfigurer : Global AuthenticationManager configured with an AuthenticationProvider bean. UserDetailsService beans will not be used for username/password login. Consider removing the AuthenticationProvider bean. Alternatively, consider using the UserDetailsService in a manually instantiated DaoAuthenticationProvider.
2024-09-03T07:40:03.034+01:00  INFO 24868 --- [MonnifyAPIClone] [restartedMain] o.s.b.d.a.OptionalLiveReloadServer       : LiveReload server is running on port 35729
2024-09-03T07:40:03.168+01:00  INFO 24868 --- [MonnifyAPIClone] [restartedMain] o.s.b.w.embedded.tomcat.TomcatWebServer  : Tomcat started on port 8200 (http) with context path '/'
2024-09-03T07:40:03.176+01:00  INFO 24868 --- [MonnifyAPIClone] [restartedMain] o.s.a.r.c.CachingConnectionFactory       : Attempting to connect to: [localhost:5672]
2024-09-03T07:40:03.259+01:00  INFO 24868 --- [MonnifyAPIClone] [restartedMain] o.s.a.r.c.CachingConnectionFactory       : Created new connection: rabbitConnectionFactory#27509f9c:0/SimpleConnection@2d9412bf [delegate=amqp://guest@127.0.0.1:5672/, localPort=63262]
2024-09-03T07:40:03.262+01:00  INFO 24868 --- [MonnifyAPIClone] [restartedMain] o.s.amqp.rabbit.core.RabbitAdmin         : Auto-declaring a non-durable, auto-delete, or exclusive Queue (emailQueue) durable:false, auto-delete:false, exclusive:false. It will be redeclared if the broker stops and is restarted while the connection factory is alive, but all messages will be lost.
2024-09-03T07:40:03.377+01:00  INFO 24868 --- [MonnifyAPIClone] [restartedMain] c.a.m.MonnifyApiCloneApplication         : Started MonnifyApiCloneApplication in 6.149 seconds (process running for 382.969)
2024-09-03T07:40:03.386+01:00  INFO 24868 --- [MonnifyAPIClone] [restartedMain] .ConditionEvaluationDeltaLoggingListener : Condition evaluation unchanged
2024-09-03T07:40:07.336+01:00  INFO 24868 --- [MonnifyAPIClone] [http-nio-8200-exec-3] o.a.c.c.C.[Tomcat].[localhost].[/]       : Initializing Spring DispatcherServlet 'dispatcherServlet'
2024-09-03T07:40:07.336+01:00  INFO 24868 --- [MonnifyAPIClone] [http-nio-8200-exec-3] o.s.web.servlet.DispatcherServlet        : Initializing Servlet 'dispatcherServlet'
2024-09-03T07:40:07.345+01:00  INFO 24868 --- [MonnifyAPIClone] [http-nio-8200-exec-3] o.s.web.servlet.DispatcherServlet        : Completed initialization in 9 ms
